<?xml version="1.0" encoding="UTF-8"?>
<!-- Generated by org.testng.reporters.JUnitReportReporter -->
<testsuite hostname="DESKTOP-TAKCJM8" failures="0" tests="3" name="com.regression.SmokeTestWithTestNG" time="0.037" errors="0" timestamp="2022-12-17T12:14:23 EST" skipped="2">
  <testcase classname="com.regression.SmokeTestWithTestNG" name="getLogin" time="0.037"/>
  <system-out/>
  <testcase classname="com.regression.SmokeTestWithTestNG" name="getProduct">
    <skipped/>
  </testcase> <!-- getProduct -->
  <system-out/>
  <testcase classname="com.regression.SmokeTestWithTestNG" name="getCartFunction">
    <skipped/>
  </testcase> <!-- getCartFunction -->
  <system-out/>
</testsuite> <!-- com.regression.SmokeTestWithTestNG -->
