<?xml version="1.0" encoding="UTF-8"?>
<!-- Generated by org.testng.reporters.JUnitReportReporter -->
<testsuite hostname="DESKTOP-TAKCJM8" failures="0" tests="4" name="com.testng.interview.practice.DataProviderAndFactoryTest" time="0.014" errors="0" timestamp="2022-12-24T10:57:16 EST" skipped="0">
  <testcase classname="com.testng.interview.practice.DataProviderAndFactoryTest" name="getRegression" time="0.002"/>
  <system-out/>
  <testcase classname="com.testng.interview.practice.DataProviderAndFactoryTest" name="getSmoke" time="0.002"/>
  <system-out/>
  <testcase classname="com.testng.interview.practice.DataProviderAndFactoryTest" name="getSmoke" time="0.001"/>
  <system-out/>
  <testcase classname="com.testng.interview.practice.DataProviderAndFactoryTest" name="getRegression" time="0.009"/>
  <system-out/>
</testsuite> <!-- com.testng.interview.practice.DataProviderAndFactoryTest -->
