<?xml version="1.0" encoding="UTF-8"?>
<!-- Generated by org.testng.reporters.JUnitReportReporter -->
<testsuite hostname="DESKTOP-TAKCJM8" failures="0" tests="1" name="com.cucumber.test.CucumberRunner" time="27.164" errors="0" timestamp="2022-11-21T19:09:55 EST" skipped="0">
  <testcase classname="com.cucumber.test.CucumberRunner" name="runScenario" time="27.164"/>
  <system-out/>
</testsuite> <!-- com.cucumber.test.CucumberRunner -->
