<?xml version="1.0" encoding="UTF-8"?>
<!-- Generated by org.testng.reporters.JUnitReportReporter -->
<testsuite hostname="DESKTOP-TAKCJM8" failures="0" tests="4" name="com.testng.interview.practice.DataProviderAndFactoryTest2FromAnotherClass" time="0.010" errors="0" timestamp="2022-12-23T09:53:07 EST" skipped="0">
  <testcase classname="com.testng.interview.practice.DataProviderAndFactoryTest2FromAnotherClass" name="getRegression" time="0.001"/>
  <system-out/>
  <testcase classname="com.testng.interview.practice.DataProviderAndFactoryTest2FromAnotherClass" name="getSmoke" time="0.001"/>
  <system-out/>
  <testcase classname="com.testng.interview.practice.DataProviderAndFactoryTest2FromAnotherClass" name="getSmoke" time="0.001"/>
  <system-out/>
  <testcase classname="com.testng.interview.practice.DataProviderAndFactoryTest2FromAnotherClass" name="getRegression" time="0.007"/>
  <system-out/>
</testsuite> <!-- com.testng.interview.practice.DataProviderAndFactoryTest2FromAnotherClass -->
