<?xml version="1.0" encoding="UTF-8"?>
<!-- Generated by org.testng.reporters.JUnitReportReporter -->
<testsuite hostname="DESKTOP-TAKCJM8" failures="0" tests="1" name="com.testng.automation.framework.TestNGBasedAutomationFrameworkCostco" time="13.656" errors="0" timestamp="2022-12-16T18:48:09 EST" skipped="0">
  <testcase classname="com.testng.automation.framework.TestNGBasedAutomationFrameworkCostco" name="TestRun" time="13.656"/>
  <system-out/>
</testsuite> <!-- com.testng.automation.framework.TestNGBasedAutomationFrameworkCostco -->
