<?xml version="1.0" encoding="UTF-8"?>
<!-- Generated by org.testng.reporters.JUnitReportReporter -->
<testsuite hostname="DESKTOP-TAKCJM8" failures="0" tests="1" name="com.generic.LumaWithTestNG" time="0.006" errors="0" timestamp="2022-12-17T14:01:38 EST" skipped="0">
  <testcase classname="com.generic.LumaWithTestNG" name="loginTest" time="0.006"/>
  <system-out/>
</testsuite> <!-- com.generic.LumaWithTestNG -->
