<?xml version="1.0" encoding="UTF-8"?>
<!-- Generated by org.testng.reporters.JUnitReportReporter -->
<testsuite hostname="DESKTOP-TAKCJM8" failures="0" tests="4" name="com.testng.interview.practice.TestngReviewPractice" time="0.025" errors="0" timestamp="2022-12-22T21:45:58 EST" skipped="0">
  <testcase classname="com.testng.interview.practice.TestngReviewPractice" name="getRegression" time="0.005"/>
  <system-out/>
  <testcase classname="com.testng.interview.practice.TestngReviewPractice" name="getSmoke" time="0.001"/>
  <system-out/>
  <testcase classname="com.testng.interview.practice.TestngReviewPractice" name="getSmoke" time="0.002"/>
  <system-out/>
  <testcase classname="com.testng.interview.practice.TestngReviewPractice" name="getRegression" time="0.017"/>
  <system-out/>
</testsuite> <!-- com.testng.interview.practice.TestngReviewPractice -->
