<?xml version="1.0" encoding="UTF-8"?>
<!-- Generated by org.testng.reporters.JUnitReportReporter -->
<testsuite hostname="DESKTOP-TAKCJM8" failures="0" tests="2" name="com.testng.interview.practice.DataProviderFromSameClass" time="0.008" errors="0" timestamp="2022-12-16T19:16:43 EST" skipped="0">
  <testcase classname="com.testng.interview.practice.DataProviderFromSameClass" name="testCase3" time="0.001"/>
  <system-out/>
  <testcase classname="com.testng.interview.practice.DataProviderFromSameClass" name="testCase3" time="0.007"/>
  <system-out/>
</testsuite> <!-- com.testng.interview.practice.DataProviderFromSameClass -->
