<?xml version="1.0" encoding="UTF-8"?>
<!-- Generated by org.testng.reporters.JUnitReportReporter -->
<testsuite hostname="DESKTOP-TAKCJM8" failures="0" tests="2" name="com.testng.interview.practice.GroupTest2" time="0.005" errors="0" timestamp="2022-12-24T10:26:54 EST" skipped="0">
  <testcase classname="com.testng.interview.practice.GroupTest2" name="test1" time="0.003"/>
  <system-out/>
  <testcase classname="com.testng.interview.practice.GroupTest2" name="test2" time="0.002"/>
  <system-out/>
</testsuite> <!-- com.testng.interview.practice.GroupTest2 -->
