<?xml version="1.0" encoding="UTF-8"?>
<!-- Generated by org.testng.reporters.JUnitReportReporter -->
<testsuite hostname="DESKTOP-TAKCJM8" failures="0" tests="2" name="com.testng.interview.practice.GroupTest" time="0.019" errors="0" timestamp="2022-12-24T10:26:54 EST" skipped="0">
  <testcase classname="com.testng.interview.practice.GroupTest" name="test2" time="0.004"/>
  <system-out/>
  <testcase classname="com.testng.interview.practice.GroupTest" name="test1" time="0.015"/>
  <system-out/>
</testsuite> <!-- com.testng.interview.practice.GroupTest -->
