<?xml version="1.0" encoding="UTF-8"?>
<!-- Generated by org.testng.reporters.JUnitReportReporter -->
<testsuite hostname="DESKTOP-TAKCJM8" failures="0" tests="2" name="com.cucumber.test.CucumberRunner" time="10.936" errors="0" timestamp="2023-01-08T00:42:56 EST" skipped="0">
  <testcase classname="com.cucumber.test.CucumberRunner" name="runScenario" time="10.935"/>
  <system-out/>
  <testcase classname="com.cucumber.test.CucumberRunner" name="test1" time="0.001"/>
  <system-out/>
</testsuite> <!-- com.cucumber.test.CucumberRunner -->
